"<testsuite errors=\"0\" skipped=\"0\" tests=\"1\" time=\"5\u7C3990\" failures=\"1\" name=\"ExampleFitNesseTestSuite\"><properties></properties><testcase classname=\"ExampleFitNesseTestSuite\" time=\"39\u5EF78\" name=\"ExampleFitNesseTestSuite\"><failure type=\"java\u4193lang\u88CEAssertionError\" message=\" exceptions: 0 wrong: 1\"></failure></testcase></testsuite>"
