"<testsuite errors=\"0\" skipped=\"0\" tests=\"1\" time=\"8\u47BC3\" failures=\"1\" name=\"ExampleFitNesseTestSuite\"><properties></properties><testcase classname=\"ExampleFitNesseTestSuite\" time=\"0688\u66729\" name=\"ExampleFitNesseTestSuite\"><failure type=\"java\u31D0lang\uF31AAssertionError\" message=\" exceptions: 0 wrong: 1\"></failure></testcase></testsuite>"
