"<testsuite errors=\"0\" skipped=\"0\" tests=\"1\" time=\"1\u912C4\" failures=\"1\" name=\"ExampleFitNesseTestSuite\"><properties></properties><testcase classname=\"ExampleFitNesseTestSuite\" time=\"1\u283C8\" name=\"ExampleFitNesseTestSuite\"><failure type=\"java\u42EFlang\u5F2FAssertionError\" message=\" exceptions: 0 wrong: 1\"></failure></testcase></testsuite>"
