"<testsuite errors=\"0\" skipped=\"0\" tests=\"1\" time=\"89\" failures=\"1\" name=\"ExampleFitNesseTestSuite\"><properties></properties><testcase classname=\"ExampleFitNesseTestSuite\" time=\"9O4\" name=\"ExampleFitNesseTestSuite\"><failure type=\"java_lang%AssertionError\" message=\" exceptions: 0 wrong: 1\"></failure></testcase></testsuite>"
