"<testsuite errors=\"0\" skipped=\"0\" tests=\"1\" time=\"8\u2EF38\" failures=\"1\" name=\"ExampleFitNesseTestSuite\"><properties></properties><testcase classname=\"ExampleFitNesseTestSuite\" time=\"94\uFA4A9\" name=\"ExampleFitNesseTestSuite\"><failure type=\"java\u6C58lang\uDEF7AssertionError\" message=\" exceptions: 0 wrong: 1\"></failure></testcase></testsuite>"
