"<testsuite errors=\"0\" skipped=\"0\" tests=\"1\" time=\"81\u1D9369\" failures=\"1\" name=\"ExampleFitNesseTestSuite\"><properties></properties><testcase classname=\"ExampleFitNesseTestSuite\" time=\"819\u7C8D7\" name=\"ExampleFitNesseTestSuite\"><failure type=\"java\u0E8Dlang\uDF44AssertionError\" message=\" exceptions: 0 wrong: 1\"></failure></testcase></testsuite>"
