"<testsuite errors=\"0\" skipped=\"0\" tests=\"1\" time=\"8188969\" failures=\"1\" name=\"ExampleFitNesseTestSuite\"><properties></properties><testcase classname=\"ExampleFitNesseTestSuite\" time=\"819>86\" name=\"ExampleFitNesseTestSuite\"><failure type=\"javalangQAssertionError\" message=\" exceptions: 0 wrong: 1\"></failure></testcase></testsuite>"
