"<testsuite errors=\"0\" skipped=\"0\" tests=\"1\" time=\"52\u1F798929\" failures=\"1\" name=\"ExampleFitNesseTestSuite\"><properties></properties><testcase classname=\"ExampleFitNesseTestSuite\" time=\"37\u6124390788\" name=\"ExampleFitNesseTestSuite\"><failure type=\"java\u165Clang\u8424AssertionError\" message=\" exceptions: 0 wrong: 1\"></failure></testcase></testsuite>"
