"<testsuite errors=\"0\" skipped=\"0\" tests=\"1\" time=\"84\u80239\" failures=\"1\" name=\"ExampleFitNesseTestSuite\"><properties></properties><testcase classname=\"ExampleFitNesseTestSuite\" time=\"39\u826546\" name=\"ExampleFitNesseTestSuite\"><failure type=\"java\u42DClang\u3FBBAssertionError\" message=\" exceptions: 0 wrong: 1\"></failure></testcase></testsuite>"
