"<testsuite errors=\"0\" skipped=\"0\" tests=\"1\" time=\"8867\u3D2A9\" failures=\"1\" name=\"ExampleFitNesseTestSuite\"><properties></properties><testcase classname=\"ExampleFitNesseTestSuite\" time=\"83\uE79F89\" name=\"ExampleFitNesseTestSuite\"><failure type=\"java\u9EA4lang\u6CD8AssertionError\" message=\" exceptions: 0 wrong: 1\"></failure></testcase></testsuite>"
