"<testsuite errors=\"0\" skipped=\"0\" tests=\"1\" time=\"8\u1AC83\" failures=\"1\" name=\"ExampleFitNesseTestSuite\"><properties></properties><testcase classname=\"ExampleFitNesseTestSuite\" time=\"33\u65B56\" name=\"ExampleFitNesseTestSuite\"><failure type=\"java\uAA52lang\u7E4FAssertionError\" message=\" exceptions: 0 wrong: 1\"></failure></testcase></testsuite>"
