"<testsuite errors=\"0\" skipped=\"0\" tests=\"1\" time=\"8\r941\" failures=\"1\" name=\"ExampleFitNesseTestSuite\"><properties></properties><testcase classname=\"ExampleFitNesseTestSuite\" time=\"89328\" name=\"ExampleFitNesseTestSuite\"><failure type=\"javaRlang*AssertionError\" message=\" exceptions: 0 wrong: 1\"></failure></testcase></testsuite>"
