"<testsuite errors=\"0\" skipped=\"0\" tests=\"1\" time=\"8849\" failures=\"1\" name=\"ExampleFitNesseTestSuite\"><properties></properties><testcase classname=\"ExampleFitNesseTestSuite\" time=\"11%2\" name=\"ExampleFitNesseTestSuite\"><failure type=\"javalang'AssertionError\" message=\" exceptions: 0 wrong: 1\"></failure></testcase></testsuite>"
