"<testsuite errors=\"0\" skipped=\"0\" tests=\"1\" time=\"982998\u8DB88\" failures=\"1\" name=\"ExampleFitNesseTestSuite\"><properties></properties><testcase classname=\"ExampleFitNesseTestSuite\" time=\"75\u31B989\" name=\"ExampleFitNesseTestSuite\"><failure type=\"java\u8C68lang\uED87AssertionError\" message=\" exceptions: 0 wrong: 1\"></failure></testcase></testsuite>"
