"<testsuite errors=\"0\" skipped=\"0\" tests=\"1\" time=\"4\u678E698\" failures=\"1\" name=\"ExampleFitNesseTestSuite\"><properties></properties><testcase classname=\"ExampleFitNesseTestSuite\" time=\"85\u8605769\" name=\"ExampleFitNesseTestSuite\"><failure type=\"java\u7811lang\uE10BAssertionError\" message=\" exceptions: 0 wrong: 1\"></failure></testcase></testsuite>"
