"<testsuite errors=\"0\" skipped=\"0\" tests=\"1\" time=\"43878\" failures=\"1\" name=\"ExampleFitNesseTestSuite\"><properties></properties><testcase classname=\"ExampleFitNesseTestSuite\" time=\"7\b6\" name=\"ExampleFitNesseTestSuite\"><failure type=\"javaxlangJAssertionError\" message=\" exceptions: 0 wrong: 1\"></failure></testcase></testsuite>"
