"<testsuite errors=\"0\" skipped=\"0\" tests=\"1\" time=\"8\u414B9989\" failures=\"1\" name=\"ExampleFitNesseTestSuite\"><properties></properties><testcase classname=\"ExampleFitNesseTestSuite\" time=\"4815\u08329\" name=\"ExampleFitNesseTestSuite\"><failure type=\"java\uD888lang\uE9D1AssertionError\" message=\" exceptions: 0 wrong: 1\"></failure></testcase></testsuite>"
