"<testsuite errors=\"0\" skipped=\"0\" tests=\"1\" time=\"058\uC6775\" failures=\"1\" name=\"ExampleFitNesseTestSuite\"><properties></properties><testcase classname=\"ExampleFitNesseTestSuite\" time=\"33594\u791A0\" name=\"ExampleFitNesseTestSuite\"><failure type=\"java\u4387lang\uA661AssertionError\" message=\" exceptions: 0 wrong: 1\"></failure></testcase></testsuite>"
