"<testsuite errors=\"0\" skipped=\"0\" tests=\"1\" time=\"8\uFACB8869\" failures=\"1\" name=\"ExampleFitNesseTestSuite\"><properties></properties><testcase classname=\"ExampleFitNesseTestSuite\" time=\"98\u38406268\" name=\"ExampleFitNesseTestSuite\"><failure type=\"java\uBC09lang\u6B3EAssertionError\" message=\" exceptions: 0 wrong: 1\"></failure></testcase></testsuite>"
