"<testsuite errors=\"0\" skipped=\"0\" tests=\"1\" time=\"8<80\" failures=\"1\" name=\"ExampleFitNesseTestSuite\"><properties></properties><testcase classname=\"ExampleFitNesseTestSuite\" time=\"9893033q4\" name=\"ExampleFitNesseTestSuite\"><failure type=\"javalangfAssertionError\" message=\" exceptions: 0 wrong: 1\"></failure></testcase></testsuite>"
