"<testsuite errors=\"0\" skipped=\"0\" tests=\"1\" time=\"8\u79819857\" failures=\"1\" name=\"ExampleFitNesseTestSuite\"><properties></properties><testcase classname=\"ExampleFitNesseTestSuite\" time=\"0\u1FC42\" name=\"ExampleFitNesseTestSuite\"><failure type=\"java\u3233lang\u1A90AssertionError\" message=\" exceptions: 0 wrong: 1\"></failure></testcase></testsuite>"
